<?xml version="1.0" encoding="UTF-8"?>
<!-- Generated by org.testng.reporters.JUnitXMLReporter -->
<testsuite hostname="localhost.localdomain" name="Command line test" tests="2" failures="1" timestamp="24 Jun 2016 23:29:56 GMT" time="0.018" errors="0">
  <testcase name="testScheduler1" time="0.007" classname="com.terra.qatest1.TestScheduler"/>
  <testcase name="testScheduler2" time="0.001" classname="com.terra.qatest1.TestScheduler">
    <failure type="java.lang.AssertionError" message="expected [false] but found [true]">
      <![CDATA[java.lang.AssertionError: expected [false] but found [true]
	at com.terra.qatest1.TestScheduler.testScheduler2(TestScheduler.java:31)
	at com.terra.qatest1.MainOne.main(MainOne.java:27)
... Removed 26 stack frames]]>
    </failure>
  </testcase> <!-- testScheduler2 -->
</testsuite> <!-- Command line test -->
