<?xml version="1.0" encoding="UTF-8"?>
<!-- Generated by org.testng.reporters.JUnitXMLReporter -->
<testsuite hostname="localhost.localdomain" name="scheduler" tests="2" failures="1" timestamp="27 Jun 2016 22:05:40 GMT" time="0.039" errors="0">
  <testcase name="testScheduler1" time="0.023" classname="com.terra.qatest1.TestScheduler"/>
  <testcase name="testScheduler2" time="0.002" classname="com.terra.qatest1.TestScheduler">
    <failure type="java.lang.AssertionError" message="expected [false] but found [true]">
      <![CDATA[java.lang.AssertionError: expected [false] but found [true]
	at com.terra.qatest1.TestScheduler.testScheduler2(TestScheduler.java:31)
... Removed 29 stack frames]]>
    </failure>
  </testcase> <!-- testScheduler2 -->
</testsuite> <!-- scheduler -->
